mode: atomic
github.com/roboalchemist/desearch-cli/pkg/output/formatter.go:14.13,21.33 1 1
github.com/roboalchemist/desearch-cli/pkg/output/formatter.go:21.34,23.3 0 0
github.com/roboalchemist/desearch-cli/pkg/output/formatter.go:41.48,42.16 1 4
github.com/roboalchemist/desearch-cli/pkg/output/formatter.go:42.16,44.3 1 2
github.com/roboalchemist/desearch-cli/pkg/output/formatter.go:45.2,45.21 1 2
github.com/roboalchemist/desearch-cli/pkg/output/formatter.go:45.21,47.3 1 0
github.com/roboalchemist/desearch-cli/pkg/output/formatter.go:48.2,48.60 1 2
github.com/roboalchemist/desearch-cli/pkg/output/formatter.go:58.65,60.16 2 5
github.com/roboalchemist/desearch-cli/pkg/output/formatter.go:60.16,62.3 1 0
github.com/roboalchemist/desearch-cli/pkg/output/formatter.go:63.2,63.26 1 5
github.com/roboalchemist/desearch-cli/pkg/output/formatter.go:63.26,65.17 2 2
github.com/roboalchemist/desearch-cli/pkg/output/formatter.go:65.17,67.4 1 0
github.com/roboalchemist/desearch-cli/pkg/output/formatter.go:68.3,68.26 1 2
github.com/roboalchemist/desearch-cli/pkg/output/formatter.go:70.2,70.21 1 3
github.com/roboalchemist/desearch-cli/pkg/output/formatter.go:80.66,99.30 3 7
github.com/roboalchemist/desearch-cli/pkg/output/formatter.go:99.30,103.66 1 49
github.com/roboalchemist/desearch-cli/pkg/output/formatter.go:103.66,104.12 1 18
github.com/roboalchemist/desearch-cli/pkg/output/formatter.go:107.3,107.20 1 31
github.com/roboalchemist/desearch-cli/pkg/output/formatter.go:107.20,108.12 1 0
github.com/roboalchemist/desearch-cli/pkg/output/formatter.go:111.3,111.34 1 31
github.com/roboalchemist/desearch-cli/pkg/output/formatter.go:112.24,113.18 1 6
github.com/roboalchemist/desearch-cli/pkg/output/formatter.go:113.18,115.5 1 4
github.com/roboalchemist/desearch-cli/pkg/output/formatter.go:116.31,117.18 1 5
github.com/roboalchemist/desearch-cli/pkg/output/formatter.go:117.18,119.5 1 2
github.com/roboalchemist/desearch-cli/pkg/output/formatter.go:120.27,121.18 1 4
github.com/roboalchemist/desearch-cli/pkg/output/formatter.go:121.18,123.5 1 1
github.com/roboalchemist/desearch-cli/pkg/output/formatter.go:124.28,125.18 1 4
github.com/roboalchemist/desearch-cli/pkg/output/formatter.go:125.18,127.5 1 1
github.com/roboalchemist/desearch-cli/pkg/output/formatter.go:128.26,129.18 1 4
github.com/roboalchemist/desearch-cli/pkg/output/formatter.go:129.18,131.5 1 2
github.com/roboalchemist/desearch-cli/pkg/output/formatter.go:132.30,133.18 1 4
github.com/roboalchemist/desearch-cli/pkg/output/formatter.go:133.18,135.5 1 1
github.com/roboalchemist/desearch-cli/pkg/output/formatter.go:136.26,137.18 1 4
github.com/roboalchemist/desearch-cli/pkg/output/formatter.go:137.18,139.5 1 1
github.com/roboalchemist/desearch-cli/pkg/output/formatter.go:144.2,144.38 1 7
github.com/roboalchemist/desearch-cli/pkg/output/formatter.go:144.38,148.3 3 1
github.com/roboalchemist/desearch-cli/pkg/output/formatter.go:150.2,150.20 1 7
github.com/roboalchemist/desearch-cli/pkg/output/formatter.go:153.103,155.28 2 4
github.com/roboalchemist/desearch-cli/pkg/output/formatter.go:155.28,157.22 2 4
github.com/roboalchemist/desearch-cli/pkg/output/formatter.go:157.22,159.4 1 4
github.com/roboalchemist/desearch-cli/pkg/output/formatter.go:160.3,160.23 1 4
github.com/roboalchemist/desearch-cli/pkg/output/formatter.go:164.117,166.28 2 2
github.com/roboalchemist/desearch-cli/pkg/output/formatter.go:166.28,168.22 2 2
github.com/roboalchemist/desearch-cli/pkg/output/formatter.go:168.22,170.4 1 2
github.com/roboalchemist/desearch-cli/pkg/output/formatter.go:171.3,171.23 1 2
github.com/roboalchemist/desearch-cli/pkg/output/formatter.go:175.109,177.28 2 1
github.com/roboalchemist/desearch-cli/pkg/output/formatter.go:177.28,179.22 2 1
github.com/roboalchemist/desearch-cli/pkg/output/formatter.go:179.22,181.4 1 1
github.com/roboalchemist/desearch-cli/pkg/output/formatter.go:182.3,182.23 1 1
github.com/roboalchemist/desearch-cli/pkg/output/formatter.go:186.111,188.28 2 1
github.com/roboalchemist/desearch-cli/pkg/output/formatter.go:188.28,190.22 2 1
github.com/roboalchemist/desearch-cli/pkg/output/formatter.go:190.22,192.4 1 1
github.com/roboalchemist/desearch-cli/pkg/output/formatter.go:193.3,193.23 1 1
github.com/roboalchemist/desearch-cli/pkg/output/formatter.go:197.107,199.28 2 2
github.com/roboalchemist/desearch-cli/pkg/output/formatter.go:199.28,200.28 1 2
github.com/roboalchemist/desearch-cli/pkg/output/formatter.go:200.28,202.4 1 2
github.com/roboalchemist/desearch-cli/pkg/output/formatter.go:203.3,204.18 2 2
github.com/roboalchemist/desearch-cli/pkg/output/formatter.go:204.18,206.4 1 1
github.com/roboalchemist/desearch-cli/pkg/output/formatter.go:208.3,209.22 2 2
github.com/roboalchemist/desearch-cli/pkg/output/formatter.go:209.22,211.4 1 2
github.com/roboalchemist/desearch-cli/pkg/output/formatter.go:212.3,212.25 1 2
github.com/roboalchemist/desearch-cli/pkg/output/formatter.go:212.25,214.4 1 2
github.com/roboalchemist/desearch-cli/pkg/output/formatter.go:215.3,215.23 1 2
github.com/roboalchemist/desearch-cli/pkg/output/formatter.go:215.23,217.4 1 2
github.com/roboalchemist/desearch-cli/pkg/output/formatter.go:218.3,218.23 1 2
github.com/roboalchemist/desearch-cli/pkg/output/formatter.go:218.23,220.4 1 1
github.com/roboalchemist/desearch-cli/pkg/output/formatter.go:221.3,221.26 1 2
github.com/roboalchemist/desearch-cli/pkg/output/formatter.go:221.26,223.4 1 1
github.com/roboalchemist/desearch-cli/pkg/output/formatter.go:224.3,224.23 1 2
github.com/roboalchemist/desearch-cli/pkg/output/formatter.go:224.23,226.4 1 2
github.com/roboalchemist/desearch-cli/pkg/output/formatter.go:227.3,227.23 1 2
github.com/roboalchemist/desearch-cli/pkg/output/formatter.go:231.115,233.28 2 1
github.com/roboalchemist/desearch-cli/pkg/output/formatter.go:233.28,235.22 2 1
github.com/roboalchemist/desearch-cli/pkg/output/formatter.go:235.22,237.4 1 1
github.com/roboalchemist/desearch-cli/pkg/output/formatter.go:238.3,238.23 1 1
github.com/roboalchemist/desearch-cli/pkg/output/formatter.go:242.107,244.28 2 1
github.com/roboalchemist/desearch-cli/pkg/output/formatter.go:244.28,246.22 2 1
github.com/roboalchemist/desearch-cli/pkg/output/formatter.go:246.22,248.4 1 1
github.com/roboalchemist/desearch-cli/pkg/output/formatter.go:249.3,249.23 1 1
github.com/roboalchemist/desearch-cli/pkg/output/formatter.go:261.70,280.30 3 11
github.com/roboalchemist/desearch-cli/pkg/output/formatter.go:280.30,284.66 1 77
github.com/roboalchemist/desearch-cli/pkg/output/formatter.go:284.66,285.12 1 6
github.com/roboalchemist/desearch-cli/pkg/output/formatter.go:288.3,288.20 1 71
github.com/roboalchemist/desearch-cli/pkg/output/formatter.go:288.20,289.12 1 0
github.com/roboalchemist/desearch-cli/pkg/output/formatter.go:292.3,292.34 1 71
github.com/roboalchemist/desearch-cli/pkg/output/formatter.go:293.24,294.18 1 11
github.com/roboalchemist/desearch-cli/pkg/output/formatter.go:294.18,296.5 1 4
github.com/roboalchemist/desearch-cli/pkg/output/formatter.go:297.31,298.18 1 10
github.com/roboalchemist/desearch-cli/pkg/output/formatter.go:298.18,300.5 1 2
github.com/roboalchemist/desearch-cli/pkg/output/formatter.go:301.27,302.18 1 10
github.com/roboalchemist/desearch-cli/pkg/output/formatter.go:302.18,304.5 1 2
github.com/roboalchemist/desearch-cli/pkg/output/formatter.go:305.28,306.18 1 10
github.com/roboalchemist/desearch-cli/pkg/output/formatter.go:306.18,308.5 1 2
github.com/roboalchemist/desearch-cli/pkg/output/formatter.go:309.26,310.18 1 10
github.com/roboalchemist/desearch-cli/pkg/output/formatter.go:310.18,312.5 1 2
github.com/roboalchemist/desearch-cli/pkg/output/formatter.go:313.30,314.18 1 10
github.com/roboalchemist/desearch-cli/pkg/output/formatter.go:314.18,316.5 1 2
github.com/roboalchemist/desearch-cli/pkg/output/formatter.go:317.26,318.18 1 10
github.com/roboalchemist/desearch-cli/pkg/output/formatter.go:318.18,320.5 1 2
github.com/roboalchemist/desearch-cli/pkg/output/formatter.go:325.2,325.38 1 11
github.com/roboalchemist/desearch-cli/pkg/output/formatter.go:325.38,329.3 3 1
github.com/roboalchemist/desearch-cli/pkg/output/formatter.go:331.2,331.20 1 11
github.com/roboalchemist/desearch-cli/pkg/output/formatter.go:334.107,336.28 2 4
github.com/roboalchemist/desearch-cli/pkg/output/formatter.go:336.28,338.3 1 4
github.com/roboalchemist/desearch-cli/pkg/output/formatter.go:341.121,343.28 2 2
github.com/roboalchemist/desearch-cli/pkg/output/formatter.go:343.28,345.3 1 2
github.com/roboalchemist/desearch-cli/pkg/output/formatter.go:348.113,350.28 2 2
github.com/roboalchemist/desearch-cli/pkg/output/formatter.go:350.28,352.3 1 2
github.com/roboalchemist/desearch-cli/pkg/output/formatter.go:355.115,357.28 2 2
github.com/roboalchemist/desearch-cli/pkg/output/formatter.go:357.28,359.3 1 2
github.com/roboalchemist/desearch-cli/pkg/output/formatter.go:362.111,364.28 2 2
github.com/roboalchemist/desearch-cli/pkg/output/formatter.go:364.28,366.3 1 2
github.com/roboalchemist/desearch-cli/pkg/output/formatter.go:369.119,371.28 2 2
github.com/roboalchemist/desearch-cli/pkg/output/formatter.go:371.28,373.3 1 2
github.com/roboalchemist/desearch-cli/pkg/output/formatter.go:376.111,378.28 2 2
github.com/roboalchemist/desearch-cli/pkg/output/formatter.go:378.28,380.3 1 2
github.com/roboalchemist/desearch-cli/pkg/output/formatter.go:392.55,395.2 2 0
github.com/roboalchemist/desearch-cli/pkg/output/formatter.go:400.66,401.12 1 0
github.com/roboalchemist/desearch-cli/pkg/output/formatter.go:401.12,407.17 3 0
github.com/roboalchemist/desearch-cli/pkg/output/formatter.go:407.17,411.4 2 0
github.com/roboalchemist/desearch-cli/pkg/output/formatter.go:412.3,413.22 2 0
github.com/roboalchemist/desearch-cli/pkg/output/formatter.go:415.2,416.11 2 0
github.com/roboalchemist/desearch-cli/pkg/output/formatter.go:422.67,424.49 2 7
github.com/roboalchemist/desearch-cli/pkg/output/formatter.go:424.49,426.3 1 1
github.com/roboalchemist/desearch-cli/pkg/output/formatter.go:429.2,431.30 3 6
github.com/roboalchemist/desearch-cli/pkg/output/formatter.go:431.30,433.3 1 9
github.com/roboalchemist/desearch-cli/pkg/output/formatter.go:436.2,437.22 2 6
github.com/roboalchemist/desearch-cli/pkg/output/formatter.go:437.22,438.17 1 16
github.com/roboalchemist/desearch-cli/pkg/output/formatter.go:438.17,440.4 1 8
github.com/roboalchemist/desearch-cli/pkg/output/formatter.go:443.2,443.47 1 6
github.com/roboalchemist/desearch-cli/pkg/output/formatter.go:448.65,449.22 1 7
github.com/roboalchemist/desearch-cli/pkg/output/formatter.go:449.22,451.3 1 1
github.com/roboalchemist/desearch-cli/pkg/output/formatter.go:453.2,454.49 2 6
github.com/roboalchemist/desearch-cli/pkg/output/formatter.go:454.49,456.3 1 1
github.com/roboalchemist/desearch-cli/pkg/output/formatter.go:458.2,459.16 2 5
github.com/roboalchemist/desearch-cli/pkg/output/formatter.go:459.16,461.3 1 1
github.com/roboalchemist/desearch-cli/pkg/output/formatter.go:463.2,468.6 5 4
github.com/roboalchemist/desearch-cli/pkg/output/formatter.go:468.6,470.10 2 10
github.com/roboalchemist/desearch-cli/pkg/output/formatter.go:470.10,471.9 1 4
github.com/roboalchemist/desearch-cli/pkg/output/formatter.go:473.3,473.31 1 6
github.com/roboalchemist/desearch-cli/pkg/output/formatter.go:473.31,475.4 1 0
github.com/roboalchemist/desearch-cli/pkg/output/formatter.go:476.3,476.43 1 6
github.com/roboalchemist/desearch-cli/pkg/output/formatter.go:476.43,478.4 1 0
github.com/roboalchemist/desearch-cli/pkg/output/formatter.go:481.2,481.25 1 4
github.com/roboalchemist/desearch-cli/pkg/errors/errors.go:13.38,15.2 1 3
github.com/roboalchemist/desearch-cli/pkg/errors/errors.go:19.29,21.2 1 2
github.com/roboalchemist/desearch-cli/pkg/errors/errors.go:24.54,26.2 1 1
github.com/roboalchemist/desearch-cli/pkg/errors/errors.go:29.31,30.16 1 6
github.com/roboalchemist/desearch-cli/pkg/errors/errors.go:30.16,32.3 1 1
github.com/roboalchemist/desearch-cli/pkg/errors/errors.go:33.2,34.11 2 5
github.com/roboalchemist/desearch-cli/pkg/api/client.go:28.39,36.2 1 1
github.com/roboalchemist/desearch-cli/pkg/api/client.go:67.55,73.38 2 2
github.com/roboalchemist/desearch-cli/pkg/api/client.go:73.38,78.3 1 1
github.com/roboalchemist/desearch-cli/pkg/api/client.go:79.2,79.47 1 2
github.com/roboalchemist/desearch-cli/pkg/api/client.go:79.47,81.3 1 0
github.com/roboalchemist/desearch-cli/pkg/api/client.go:83.2,109.44 2 2
github.com/roboalchemist/desearch-cli/pkg/api/client.go:113.59,129.49 3 3
github.com/roboalchemist/desearch-cli/pkg/api/client.go:129.49,131.3 1 0
github.com/roboalchemist/desearch-cli/pkg/api/client.go:133.2,143.39 10 3
github.com/roboalchemist/desearch-cli/pkg/api/client.go:144.25,145.24 1 0
github.com/roboalchemist/desearch-cli/pkg/api/client.go:146.21,148.26 2 1
github.com/roboalchemist/desearch-cli/pkg/api/client.go:148.26,149.50 1 1
github.com/roboalchemist/desearch-cli/pkg/api/client.go:149.50,150.39 1 1
github.com/roboalchemist/desearch-cli/pkg/api/client.go:150.39,151.44 1 1
github.com/roboalchemist/desearch-cli/pkg/api/client.go:151.44,153.7 1 1
github.com/roboalchemist/desearch-cli/pkg/api/client.go:159.2,159.12 1 3
github.com/roboalchemist/desearch-cli/pkg/api/client.go:342.91,348.16 4 8
github.com/roboalchemist/desearch-cli/pkg/api/client.go:348.16,350.3 1 0
github.com/roboalchemist/desearch-cli/pkg/api/client.go:352.2,353.16 2 8
github.com/roboalchemist/desearch-cli/pkg/api/client.go:353.16,355.3 1 1
github.com/roboalchemist/desearch-cli/pkg/api/client.go:357.2,361.16 4 7
github.com/roboalchemist/desearch-cli/pkg/api/client.go:361.16,363.3 1 1
github.com/roboalchemist/desearch-cli/pkg/api/client.go:364.2,366.38 2 6
github.com/roboalchemist/desearch-cli/pkg/api/client.go:366.38,370.73 3 4
github.com/roboalchemist/desearch-cli/pkg/api/client.go:370.73,372.4 1 2
github.com/roboalchemist/desearch-cli/pkg/api/client.go:373.3,373.94 1 2
github.com/roboalchemist/desearch-cli/pkg/api/client.go:376.2,377.71 2 2
github.com/roboalchemist/desearch-cli/pkg/api/client.go:377.71,379.3 1 1
github.com/roboalchemist/desearch-cli/pkg/api/client.go:381.2,381.25 1 1
github.com/roboalchemist/desearch-cli/pkg/api/client.go:385.95,391.16 4 5
github.com/roboalchemist/desearch-cli/pkg/api/client.go:391.16,393.3 1 0
github.com/roboalchemist/desearch-cli/pkg/api/client.go:395.2,396.16 2 5
github.com/roboalchemist/desearch-cli/pkg/api/client.go:396.16,398.3 1 1
github.com/roboalchemist/desearch-cli/pkg/api/client.go:400.2,404.16 4 4
github.com/roboalchemist/desearch-cli/pkg/api/client.go:404.16,406.3 1 1
github.com/roboalchemist/desearch-cli/pkg/api/client.go:408.2,408.38 1 3
github.com/roboalchemist/desearch-cli/pkg/api/client.go:408.38,413.73 4 2
github.com/roboalchemist/desearch-cli/pkg/api/client.go:413.73,415.4 1 1
github.com/roboalchemist/desearch-cli/pkg/api/client.go:416.3,416.94 1 1
github.com/roboalchemist/desearch-cli/pkg/api/client.go:419.2,419.40 1 1
github.com/roboalchemist/desearch-cli/pkg/auth/api_key.go:21.35,23.25 2 19
github.com/roboalchemist/desearch-cli/pkg/auth/api_key.go:23.25,25.17 2 2
github.com/roboalchemist/desearch-cli/pkg/auth/api_key.go:25.17,27.4 1 1
github.com/roboalchemist/desearch-cli/pkg/auth/api_key.go:28.3,28.49 1 1
github.com/roboalchemist/desearch-cli/pkg/auth/api_key.go:30.2,30.73 1 18
github.com/roboalchemist/desearch-cli/pkg/auth/api_key.go:35.36,37.16 2 8
github.com/roboalchemist/desearch-cli/pkg/auth/api_key.go:37.16,39.3 1 0
github.com/roboalchemist/desearch-cli/pkg/auth/api_key.go:41.2,42.16 2 8
github.com/roboalchemist/desearch-cli/pkg/auth/api_key.go:42.16,43.25 1 3
github.com/roboalchemist/desearch-cli/pkg/auth/api_key.go:43.25,45.4 1 2
github.com/roboalchemist/desearch-cli/pkg/auth/api_key.go:47.3,47.65 1 1
github.com/roboalchemist/desearch-cli/pkg/auth/api_key.go:50.2,51.51 2 5
github.com/roboalchemist/desearch-cli/pkg/auth/api_key.go:51.51,53.3 1 1
github.com/roboalchemist/desearch-cli/pkg/auth/api_key.go:55.2,55.18 1 4
github.com/roboalchemist/desearch-cli/pkg/auth/api_key.go:60.34,62.16 2 9
github.com/roboalchemist/desearch-cli/pkg/auth/api_key.go:62.16,64.3 1 1
github.com/roboalchemist/desearch-cli/pkg/auth/api_key.go:66.2,67.47 2 8
github.com/roboalchemist/desearch-cli/pkg/auth/api_key.go:67.47,69.3 1 1
github.com/roboalchemist/desearch-cli/pkg/auth/api_key.go:71.2,72.16 2 7
github.com/roboalchemist/desearch-cli/pkg/auth/api_key.go:72.16,74.3 1 0
github.com/roboalchemist/desearch-cli/pkg/auth/api_key.go:76.2,76.55 1 7
github.com/roboalchemist/desearch-cli/pkg/auth/api_key.go:76.55,78.3 1 1
github.com/roboalchemist/desearch-cli/pkg/auth/api_key.go:80.2,80.12 1 6
github.com/roboalchemist/desearch-cli/pkg/auth/api_key.go:86.25,87.53 1 4
github.com/roboalchemist/desearch-cli/pkg/auth/api_key.go:87.53,89.3 1 1
github.com/roboalchemist/desearch-cli/pkg/auth/api_key.go:90.2,91.16 2 3
github.com/roboalchemist/desearch-cli/pkg/auth/api_key.go:91.16,93.3 1 1
github.com/roboalchemist/desearch-cli/pkg/auth/api_key.go:94.2,94.19 1 2
github.com/roboalchemist/desearch-cli/main.go:11.13,12.38 1 0
github.com/roboalchemist/desearch-cli/main.go:12.38,13.27 1 0
github.com/roboalchemist/desearch-cli/main.go:13.27,15.4 1 0
github.com/roboalchemist/desearch-cli/main.go:16.3,16.23 1 0
github.com/roboalchemist/desearch-cli/main.go:16.23,18.4 1 0
github.com/roboalchemist/desearch-cli/main.go:18.9,20.4 1 0
github.com/roboalchemist/desearch-cli/main.go:21.3,21.13 1 0
github.com/roboalchemist/desearch-cli/cmd/gendocs/main.go:10.13,11.68 1 0
github.com/roboalchemist/desearch-cli/cmd/gendocs/main.go:11.68,13.3 1 0
github.com/roboalchemist/desearch-cli/cmd/completion.go:44.54,46.3 1 0
github.com/roboalchemist/desearch-cli/cmd/completion.go:53.54,55.3 1 0
github.com/roboalchemist/desearch-cli/cmd/completion.go:62.54,64.3 1 0
github.com/roboalchemist/desearch-cli/cmd/completion.go:71.54,73.3 1 0
github.com/roboalchemist/desearch-cli/cmd/completion.go:82.13,89.2 5 1
github.com/roboalchemist/desearch-cli/cmd/completion.go:91.61,100.12 6 1
github.com/roboalchemist/desearch-cli/cmd/completion.go:100.12,103.3 2 1
github.com/roboalchemist/desearch-cli/cmd/completion.go:106.2,107.18 2 1
github.com/roboalchemist/desearch-cli/cmd/completion.go:107.18,109.3 1 1
github.com/roboalchemist/desearch-cli/cmd/completion.go:110.2,110.18 1 1
github.com/roboalchemist/desearch-cli/cmd/completion.go:110.18,112.3 1 1
github.com/roboalchemist/desearch-cli/cmd/completion.go:114.2,125.35 5 0
github.com/roboalchemist/desearch-cli/cmd/completion.go:125.35,127.3 1 0
github.com/roboalchemist/desearch-cli/cmd/completion.go:129.2,130.16 2 0
github.com/roboalchemist/desearch-cli/cmd/completion.go:130.16,132.3 1 0
github.com/roboalchemist/desearch-cli/cmd/completion.go:135.2,139.6 3 0
github.com/roboalchemist/desearch-cli/cmd/completion.go:139.6,140.10 1 0
github.com/roboalchemist/desearch-cli/cmd/completion.go:141.21,143.20 1 0
github.com/roboalchemist/desearch-cli/cmd/completion.go:144.11,144.11 0 0
github.com/roboalchemist/desearch-cli/cmd/completion.go:147.3,148.21 2 0
github.com/roboalchemist/desearch-cli/cmd/completion.go:148.21,149.22 1 0
github.com/roboalchemist/desearch-cli/cmd/completion.go:149.22,152.59 2 0
github.com/roboalchemist/desearch-cli/cmd/completion.go:152.59,153.82 1 0
github.com/roboalchemist/desearch-cli/cmd/completion.go:153.82,155.7 1 0
github.com/roboalchemist/desearch-cli/cmd/completion.go:156.6,156.64 1 0
github.com/roboalchemist/desearch-cli/cmd/completion.go:156.64,157.68 1 0
github.com/roboalchemist/desearch-cli/cmd/completion.go:157.68,159.8 1 0
github.com/roboalchemist/desearch-cli/cmd/completion.go:162.10,166.59 2 0
github.com/roboalchemist/desearch-cli/cmd/completion.go:166.59,168.82 1 0
github.com/roboalchemist/desearch-cli/cmd/completion.go:168.82,170.7 1 0
github.com/roboalchemist/desearch-cli/cmd/completion.go:172.6,172.64 1 0
github.com/roboalchemist/desearch-cli/cmd/completion.go:172.64,174.68 1 0
github.com/roboalchemist/desearch-cli/cmd/completion.go:174.68,176.8 1 0
github.com/roboalchemist/desearch-cli/cmd/completion.go:178.11,181.23 2 0
github.com/roboalchemist/desearch-cli/cmd/completion.go:181.23,183.79 1 0
github.com/roboalchemist/desearch-cli/cmd/completion.go:183.79,185.8 1 0
github.com/roboalchemist/desearch-cli/cmd/completion.go:191.3,191.17 1 0
github.com/roboalchemist/desearch-cli/cmd/completion.go:191.17,192.28 1 0
github.com/roboalchemist/desearch-cli/cmd/completion.go:192.28,193.10 1 0
github.com/roboalchemist/desearch-cli/cmd/completion.go:196.4,196.24 1 0
github.com/roboalchemist/desearch-cli/cmd/completion.go:196.24,198.5 1 0
github.com/roboalchemist/desearch-cli/cmd/completion.go:200.4,200.9 1 0
github.com/roboalchemist/desearch-cli/cmd/completion.go:205.2,207.12 2 0
github.com/roboalchemist/desearch-cli/cmd/config.go:26.54,28.17 2 0
github.com/roboalchemist/desearch-cli/cmd/config.go:28.17,30.4 1 0
github.com/roboalchemist/desearch-cli/cmd/config.go:32.3,32.14 1 0
github.com/roboalchemist/desearch-cli/cmd/config.go:32.14,35.18 2 0
github.com/roboalchemist/desearch-cli/cmd/config.go:35.18,37.5 1 0
github.com/roboalchemist/desearch-cli/cmd/config.go:38.4,39.14 2 0
github.com/roboalchemist/desearch-cli/cmd/config.go:42.3,43.23 2 0
github.com/roboalchemist/desearch-cli/cmd/config.go:43.23,44.28 1 0
github.com/roboalchemist/desearch-cli/cmd/config.go:44.28,46.5 1 0
github.com/roboalchemist/desearch-cli/cmd/config.go:46.10,48.5 1 0
github.com/roboalchemist/desearch-cli/cmd/config.go:51.3,55.13 5 0
github.com/roboalchemist/desearch-cli/cmd/config.go:63.54,65.17 2 0
github.com/roboalchemist/desearch-cli/cmd/config.go:65.17,67.4 1 0
github.com/roboalchemist/desearch-cli/cmd/config.go:69.3,70.17 2 0
github.com/roboalchemist/desearch-cli/cmd/config.go:70.17,72.4 1 0
github.com/roboalchemist/desearch-cli/cmd/config.go:74.3,74.53 1 0
github.com/roboalchemist/desearch-cli/cmd/config.go:74.53,77.4 2 0
github.com/roboalchemist/desearch-cli/cmd/config.go:79.3,79.44 1 0
github.com/roboalchemist/desearch-cli/cmd/config.go:79.44,81.4 1 0
github.com/roboalchemist/desearch-cli/cmd/config.go:83.3,84.13 2 0
github.com/roboalchemist/desearch-cli/cmd/config.go:95.13,106.65 8 1
github.com/roboalchemist/desearch-cli/cmd/config.go:106.65,108.84 1 0
github.com/roboalchemist/desearch-cli/cmd/config.go:108.84,111.4 2 0
github.com/roboalchemist/desearch-cli/cmd/config.go:113.3,117.17 3 0
github.com/roboalchemist/desearch-cli/cmd/config.go:117.17,119.4 1 0
github.com/roboalchemist/desearch-cli/cmd/config.go:122.3,125.23 2 0
github.com/roboalchemist/desearch-cli/cmd/config.go:125.23,126.43 1 0
github.com/roboalchemist/desearch-cli/cmd/config.go:126.43,128.5 1 0
github.com/roboalchemist/desearch-cli/cmd/config.go:129.4,129.27 1 0
github.com/roboalchemist/desearch-cli/cmd/config.go:131.3,131.34 1 0
github.com/roboalchemist/desearch-cli/cmd/config.go:131.34,133.4 1 0
github.com/roboalchemist/desearch-cli/cmd/config.go:134.3,134.32 1 0
github.com/roboalchemist/desearch-cli/cmd/config.go:134.32,136.4 1 0
github.com/roboalchemist/desearch-cli/cmd/config.go:138.3,138.46 1 0
github.com/roboalchemist/desearch-cli/cmd/config.go:138.46,140.4 1 0
github.com/roboalchemist/desearch-cli/cmd/config.go:142.3,143.13 2 0
github.com/roboalchemist/desearch-cli/cmd/docs.go:19.54,22.3 2 0
github.com/roboalchemist/desearch-cli/cmd/docs.go:25.13,27.2 1 1
github.com/roboalchemist/desearch-cli/cmd/root.go:50.50,53.17 2 0
github.com/roboalchemist/desearch-cli/cmd/root.go:53.17,54.28 1 0
github.com/roboalchemist/desearch-cli/cmd/root.go:54.28,57.5 2 0
github.com/roboalchemist/desearch-cli/cmd/root.go:60.4,60.48 1 0
github.com/roboalchemist/desearch-cli/cmd/root.go:63.60,65.27 1 0
github.com/roboalchemist/desearch-cli/cmd/root.go:65.27,67.4 1 0
github.com/roboalchemist/desearch-cli/cmd/root.go:71.3,71.70 1 0
github.com/roboalchemist/desearch-cli/cmd/root.go:71.70,73.4 1 0
github.com/roboalchemist/desearch-cli/cmd/root.go:74.3,75.16 2 0
github.com/roboalchemist/desearch-cli/cmd/root.go:75.16,77.4 1 0
github.com/roboalchemist/desearch-cli/cmd/root.go:78.3,78.16 1 0
github.com/roboalchemist/desearch-cli/cmd/root.go:78.16,84.4 4 0
github.com/roboalchemist/desearch-cli/cmd/root.go:89.47,105.41 2 0
github.com/roboalchemist/desearch-cli/cmd/root.go:105.41,106.31 1 0
github.com/roboalchemist/desearch-cli/cmd/root.go:106.31,108.4 1 0
github.com/roboalchemist/desearch-cli/cmd/root.go:110.2,110.14 1 0
github.com/roboalchemist/desearch-cli/cmd/root.go:114.22,118.2 3 0
github.com/roboalchemist/desearch-cli/cmd/root.go:121.31,123.2 1 0
github.com/roboalchemist/desearch-cli/cmd/root.go:126.24,128.2 1 0
github.com/roboalchemist/desearch-cli/cmd/root.go:130.13,140.2 7 1
github.com/roboalchemist/desearch-cli/cmd/search.go:34.25,36.15 2 2
github.com/roboalchemist/desearch-cli/cmd/search.go:36.15,38.3 1 1
github.com/roboalchemist/desearch-cli/cmd/search.go:39.2,39.12 1 2
github.com/roboalchemist/desearch-cli/cmd/search.go:42.58,47.23 2 10
github.com/roboalchemist/desearch-cli/cmd/search.go:47.23,49.3 1 2
github.com/roboalchemist/desearch-cli/cmd/search.go:51.2,51.26 1 10
github.com/roboalchemist/desearch-cli/cmd/search.go:51.26,53.3 1 2
github.com/roboalchemist/desearch-cli/cmd/search.go:54.2,54.25 1 10
github.com/roboalchemist/desearch-cli/cmd/search.go:54.25,56.3 1 1
github.com/roboalchemist/desearch-cli/cmd/search.go:57.2,57.23 1 10
github.com/roboalchemist/desearch-cli/cmd/search.go:57.23,59.3 1 1
github.com/roboalchemist/desearch-cli/cmd/search.go:60.2,60.25 1 10
github.com/roboalchemist/desearch-cli/cmd/search.go:60.25,62.3 1 2
github.com/roboalchemist/desearch-cli/cmd/search.go:63.2,63.26 1 10
github.com/roboalchemist/desearch-cli/cmd/search.go:63.26,65.3 1 2
github.com/roboalchemist/desearch-cli/cmd/search.go:65.8,68.3 2 8
github.com/roboalchemist/desearch-cli/cmd/search.go:69.2,69.20 1 10
github.com/roboalchemist/desearch-cli/cmd/search.go:69.20,71.3 1 2
github.com/roboalchemist/desearch-cli/cmd/search.go:73.2,73.12 1 10
github.com/roboalchemist/desearch-cli/cmd/search.go:76.57,78.36 1 4
github.com/roboalchemist/desearch-cli/cmd/search.go:78.36,80.3 1 1
github.com/roboalchemist/desearch-cli/cmd/search.go:82.2,82.43 1 3
github.com/roboalchemist/desearch-cli/cmd/search.go:82.43,84.3 1 0
github.com/roboalchemist/desearch-cli/cmd/search.go:86.2,86.34 1 3
github.com/roboalchemist/desearch-cli/cmd/search.go:86.34,88.3 1 1
github.com/roboalchemist/desearch-cli/cmd/search.go:91.2,91.15 1 2
github.com/roboalchemist/desearch-cli/cmd/search.go:91.15,94.22 3 0
github.com/roboalchemist/desearch-cli/cmd/search.go:94.22,96.18 2 0
github.com/roboalchemist/desearch-cli/cmd/search.go:96.18,98.5 1 0
github.com/roboalchemist/desearch-cli/cmd/search.go:100.3,100.39 1 0
github.com/roboalchemist/desearch-cli/cmd/search.go:100.39,102.4 1 0
github.com/roboalchemist/desearch-cli/cmd/search.go:104.3,105.29 2 0
github.com/roboalchemist/desearch-cli/cmd/search.go:105.29,106.13 1 0
github.com/roboalchemist/desearch-cli/cmd/search.go:106.13,108.5 1 0
github.com/roboalchemist/desearch-cli/cmd/search.go:109.4,110.42 2 0
github.com/roboalchemist/desearch-cli/cmd/search.go:110.42,113.5 2 0
github.com/roboalchemist/desearch-cli/cmd/search.go:115.3,115.17 1 0
github.com/roboalchemist/desearch-cli/cmd/search.go:118.2,118.30 1 2
github.com/roboalchemist/desearch-cli/cmd/search.go:121.39,122.31 1 2
github.com/roboalchemist/desearch-cli/cmd/search.go:122.31,124.3 1 0
github.com/roboalchemist/desearch-cli/cmd/search.go:126.2,129.16 2 2
github.com/roboalchemist/desearch-cli/cmd/search.go:129.16,131.17 2 1
github.com/roboalchemist/desearch-cli/cmd/search.go:131.17,133.4 1 0
github.com/roboalchemist/desearch-cli/cmd/search.go:134.3,134.19 1 1
github.com/roboalchemist/desearch-cli/cmd/search.go:134.19,136.18 2 0
github.com/roboalchemist/desearch-cli/cmd/search.go:136.18,138.5 1 0
github.com/roboalchemist/desearch-cli/cmd/search.go:139.4,139.43 1 0
github.com/roboalchemist/desearch-cli/cmd/search.go:140.9,142.4 1 1
github.com/roboalchemist/desearch-cli/cmd/search.go:143.3,143.13 1 1
github.com/roboalchemist/desearch-cli/cmd/search.go:146.2,147.21 2 1
github.com/roboalchemist/desearch-cli/cmd/search.go:147.21,149.3 1 1
github.com/roboalchemist/desearch-cli/cmd/search.go:151.2,153.19 2 0
github.com/roboalchemist/desearch-cli/cmd/search.go:153.19,155.3 1 0
github.com/roboalchemist/desearch-cli/cmd/search.go:156.2,156.42 1 0
github.com/roboalchemist/desearch-cli/cmd/search.go:159.92,162.16 3 6
github.com/roboalchemist/desearch-cli/cmd/search.go:162.16,164.3 1 1
github.com/roboalchemist/desearch-cli/cmd/search.go:166.2,173.18 3 5
github.com/roboalchemist/desearch-cli/cmd/search.go:173.18,175.17 2 0
github.com/roboalchemist/desearch-cli/cmd/search.go:175.17,177.4 1 0
github.com/roboalchemist/desearch-cli/cmd/search.go:178.3,178.42 1 0
github.com/roboalchemist/desearch-cli/cmd/search.go:179.8,181.3 1 5
github.com/roboalchemist/desearch-cli/cmd/search.go:182.2,182.12 1 5
github.com/roboalchemist/desearch-cli/cmd/search.go:185.92,186.31 1 2
github.com/roboalchemist/desearch-cli/cmd/search.go:186.31,188.3 1 0
github.com/roboalchemist/desearch-cli/cmd/search.go:189.2,191.16 3 2
github.com/roboalchemist/desearch-cli/cmd/search.go:191.16,193.3 1 0
github.com/roboalchemist/desearch-cli/cmd/search.go:196.2,199.21 3 2
github.com/roboalchemist/desearch-cli/cmd/search.go:199.21,201.17 2 3
github.com/roboalchemist/desearch-cli/cmd/search.go:201.17,203.4 1 3
github.com/roboalchemist/desearch-cli/cmd/search.go:205.2,205.38 1 2
github.com/roboalchemist/desearch-cli/cmd/search.go:205.38,207.3 1 0
github.com/roboalchemist/desearch-cli/cmd/search.go:208.2,208.12 1 2
github.com/roboalchemist/desearch-cli/cmd/search.go:222.54,223.16 1 0
github.com/roboalchemist/desearch-cli/cmd/search.go:223.16,225.4 1 0
github.com/roboalchemist/desearch-cli/cmd/search.go:226.3,226.39 1 0
github.com/roboalchemist/desearch-cli/cmd/search.go:232.13,248.64 15 1
github.com/roboalchemist/desearch-cli/cmd/search.go:248.64,250.3 1 0
github.com/roboalchemist/desearch-cli/cmd/search.go:252.2,252.31 1 1
github.com/roboalchemist/desearch-cli/cmd/skill.go:16.54,19.3 2 0
github.com/roboalchemist/desearch-cli/cmd/skill.go:26.54,28.17 2 0
github.com/roboalchemist/desearch-cli/cmd/skill.go:28.17,30.4 1 0
github.com/roboalchemist/desearch-cli/cmd/skill.go:31.3,34.52 3 0
github.com/roboalchemist/desearch-cli/cmd/skill.go:34.52,36.4 1 0
github.com/roboalchemist/desearch-cli/cmd/skill.go:38.3,38.77 1 0
github.com/roboalchemist/desearch-cli/cmd/skill.go:38.77,40.4 1 0
github.com/roboalchemist/desearch-cli/cmd/skill.go:42.3,43.13 2 0
github.com/roboalchemist/desearch-cli/cmd/skill.go:52.13,55.2 2 1
github.com/roboalchemist/desearch-cli/cmd/version.go:15.54,18.3 2 0
github.com/roboalchemist/desearch-cli/cmd/version.go:21.13,23.2 1 1
