mode: atomic
github.com/roboalchemist/desearch-cli/pkg/errors/errors.go:13.38,15.2 1 3
github.com/roboalchemist/desearch-cli/pkg/errors/errors.go:19.29,21.2 1 3
github.com/roboalchemist/desearch-cli/pkg/errors/errors.go:24.54,26.2 1 1
github.com/roboalchemist/desearch-cli/pkg/errors/errors.go:29.31,30.16 1 7
github.com/roboalchemist/desearch-cli/pkg/errors/errors.go:30.16,32.3 1 1
github.com/roboalchemist/desearch-cli/pkg/errors/errors.go:33.2,34.11 2 6
github.com/roboalchemist/desearch-cli/pkg/errors/errors.go:45.37,47.2 1 1
github.com/roboalchemist/desearch-cli/pkg/errors/errors.go:49.37,51.2 1 0
github.com/roboalchemist/desearch-cli/pkg/errors/errors.go:55.33,56.16 1 3
github.com/roboalchemist/desearch-cli/pkg/errors/errors.go:56.16,58.3 1 1
github.com/roboalchemist/desearch-cli/pkg/errors/errors.go:59.2,59.30 1 2
github.com/roboalchemist/desearch-cli/pkg/errors/errors.go:63.30,64.16 1 4
github.com/roboalchemist/desearch-cli/pkg/errors/errors.go:64.16,66.3 1 1
github.com/roboalchemist/desearch-cli/pkg/errors/errors.go:67.2,68.11 2 3
github.com/roboalchemist/desearch-cli/pkg/api/client.go:28.39,36.2 1 1
github.com/roboalchemist/desearch-cli/pkg/api/client.go:67.55,73.38 2 2
github.com/roboalchemist/desearch-cli/pkg/api/client.go:73.38,78.3 1 1
github.com/roboalchemist/desearch-cli/pkg/api/client.go:79.2,79.47 1 2
github.com/roboalchemist/desearch-cli/pkg/api/client.go:79.47,81.3 1 0
github.com/roboalchemist/desearch-cli/pkg/api/client.go:83.2,109.44 2 2
github.com/roboalchemist/desearch-cli/pkg/api/client.go:113.59,129.49 3 3
github.com/roboalchemist/desearch-cli/pkg/api/client.go:129.49,131.3 1 0
github.com/roboalchemist/desearch-cli/pkg/api/client.go:133.2,143.39 10 3
github.com/roboalchemist/desearch-cli/pkg/api/client.go:144.25,145.24 1 0
github.com/roboalchemist/desearch-cli/pkg/api/client.go:146.21,148.26 2 1
github.com/roboalchemist/desearch-cli/pkg/api/client.go:148.26,149.50 1 1
github.com/roboalchemist/desearch-cli/pkg/api/client.go:149.50,150.39 1 1
github.com/roboalchemist/desearch-cli/pkg/api/client.go:150.39,151.44 1 1
github.com/roboalchemist/desearch-cli/pkg/api/client.go:151.44,153.7 1 1
github.com/roboalchemist/desearch-cli/pkg/api/client.go:159.2,159.12 1 3
github.com/roboalchemist/desearch-cli/pkg/api/client.go:342.91,348.16 4 8
github.com/roboalchemist/desearch-cli/pkg/api/client.go:348.16,350.3 1 0
github.com/roboalchemist/desearch-cli/pkg/api/client.go:352.2,353.16 2 8
github.com/roboalchemist/desearch-cli/pkg/api/client.go:353.16,355.3 1 1
github.com/roboalchemist/desearch-cli/pkg/api/client.go:357.2,361.16 4 7
github.com/roboalchemist/desearch-cli/pkg/api/client.go:361.16,363.3 1 1
github.com/roboalchemist/desearch-cli/pkg/api/client.go:364.2,366.38 2 6
github.com/roboalchemist/desearch-cli/pkg/api/client.go:366.38,370.73 3 4
github.com/roboalchemist/desearch-cli/pkg/api/client.go:370.73,372.4 1 2
github.com/roboalchemist/desearch-cli/pkg/api/client.go:373.3,373.94 1 2
github.com/roboalchemist/desearch-cli/pkg/api/client.go:376.2,377.71 2 2
github.com/roboalchemist/desearch-cli/pkg/api/client.go:377.71,379.3 1 1
github.com/roboalchemist/desearch-cli/pkg/api/client.go:381.2,381.25 1 1
github.com/roboalchemist/desearch-cli/pkg/api/client.go:392.42,392.69 1 2
github.com/roboalchemist/desearch-cli/pkg/api/client.go:396.99,402.16 4 7
github.com/roboalchemist/desearch-cli/pkg/api/client.go:402.16,404.3 1 0
github.com/roboalchemist/desearch-cli/pkg/api/client.go:406.2,407.16 2 7
github.com/roboalchemist/desearch-cli/pkg/api/client.go:407.16,409.3 1 1
github.com/roboalchemist/desearch-cli/pkg/api/client.go:411.2,415.16 4 6
github.com/roboalchemist/desearch-cli/pkg/api/client.go:415.16,417.3 1 2
github.com/roboalchemist/desearch-cli/pkg/api/client.go:419.2,419.38 1 4
github.com/roboalchemist/desearch-cli/pkg/api/client.go:419.38,424.73 4 2
github.com/roboalchemist/desearch-cli/pkg/api/client.go:424.73,426.4 1 1
github.com/roboalchemist/desearch-cli/pkg/api/client.go:427.3,427.94 1 1
github.com/roboalchemist/desearch-cli/pkg/api/client.go:430.2,430.70 1 2
github.com/roboalchemist/desearch-cli/pkg/output/formatter.go:14.13,21.33 1 1
github.com/roboalchemist/desearch-cli/pkg/output/formatter.go:21.34,23.3 0 0
github.com/roboalchemist/desearch-cli/pkg/output/formatter.go:41.48,42.16 1 4
github.com/roboalchemist/desearch-cli/pkg/output/formatter.go:42.16,44.3 1 2
github.com/roboalchemist/desearch-cli/pkg/output/formatter.go:45.2,45.21 1 2
github.com/roboalchemist/desearch-cli/pkg/output/formatter.go:45.21,47.3 1 0
github.com/roboalchemist/desearch-cli/pkg/output/formatter.go:48.2,48.60 1 2
github.com/roboalchemist/desearch-cli/pkg/output/formatter.go:58.65,60.16 2 5
github.com/roboalchemist/desearch-cli/pkg/output/formatter.go:60.16,62.3 1 0
github.com/roboalchemist/desearch-cli/pkg/output/formatter.go:63.2,63.26 1 5
github.com/roboalchemist/desearch-cli/pkg/output/formatter.go:63.26,65.17 2 2
github.com/roboalchemist/desearch-cli/pkg/output/formatter.go:65.17,67.4 1 0
github.com/roboalchemist/desearch-cli/pkg/output/formatter.go:68.3,68.26 1 2
github.com/roboalchemist/desearch-cli/pkg/output/formatter.go:70.2,70.21 1 3
github.com/roboalchemist/desearch-cli/pkg/output/formatter.go:77.47,78.16 1 175
github.com/roboalchemist/desearch-cli/pkg/output/formatter.go:78.16,80.3 1 106
github.com/roboalchemist/desearch-cli/pkg/output/formatter.go:81.2,81.70 1 69
github.com/roboalchemist/desearch-cli/pkg/output/formatter.go:86.109,100.30 2 23
github.com/roboalchemist/desearch-cli/pkg/output/formatter.go:100.30,101.44 1 161
github.com/roboalchemist/desearch-cli/pkg/output/formatter.go:101.44,102.12 1 50
github.com/roboalchemist/desearch-cli/pkg/output/formatter.go:104.3,104.34 1 111
github.com/roboalchemist/desearch-cli/pkg/output/formatter.go:105.24,106.18 1 20
github.com/roboalchemist/desearch-cli/pkg/output/formatter.go:106.18,108.5 1 10
github.com/roboalchemist/desearch-cli/pkg/output/formatter.go:109.31,110.18 1 16
github.com/roboalchemist/desearch-cli/pkg/output/formatter.go:110.18,112.5 1 4
github.com/roboalchemist/desearch-cli/pkg/output/formatter.go:113.27,114.18 1 15
github.com/roboalchemist/desearch-cli/pkg/output/formatter.go:114.18,116.5 1 3
github.com/roboalchemist/desearch-cli/pkg/output/formatter.go:117.28,118.18 1 15
github.com/roboalchemist/desearch-cli/pkg/output/formatter.go:118.18,120.5 1 3
github.com/roboalchemist/desearch-cli/pkg/output/formatter.go:121.26,122.18 1 15
github.com/roboalchemist/desearch-cli/pkg/output/formatter.go:122.18,124.5 1 4
github.com/roboalchemist/desearch-cli/pkg/output/formatter.go:125.30,126.18 1 15
github.com/roboalchemist/desearch-cli/pkg/output/formatter.go:126.18,128.5 1 3
github.com/roboalchemist/desearch-cli/pkg/output/formatter.go:129.26,130.18 1 15
github.com/roboalchemist/desearch-cli/pkg/output/formatter.go:130.18,132.5 1 3
github.com/roboalchemist/desearch-cli/pkg/output/formatter.go:144.66,146.70 2 10
github.com/roboalchemist/desearch-cli/pkg/output/formatter.go:146.70,147.30 1 13
github.com/roboalchemist/desearch-cli/pkg/output/formatter.go:148.24,149.35 1 5
github.com/roboalchemist/desearch-cli/pkg/output/formatter.go:150.31,151.42 1 2
github.com/roboalchemist/desearch-cli/pkg/output/formatter.go:152.27,153.38 1 1
github.com/roboalchemist/desearch-cli/pkg/output/formatter.go:154.28,155.39 1 1
github.com/roboalchemist/desearch-cli/pkg/output/formatter.go:156.26,157.37 1 2
github.com/roboalchemist/desearch-cli/pkg/output/formatter.go:158.30,159.41 1 1
github.com/roboalchemist/desearch-cli/pkg/output/formatter.go:160.26,161.37 1 1
github.com/roboalchemist/desearch-cli/pkg/output/formatter.go:164.2,164.35 1 10
github.com/roboalchemist/desearch-cli/pkg/output/formatter.go:164.35,166.3 1 1
github.com/roboalchemist/desearch-cli/pkg/output/formatter.go:167.2,167.38 1 10
github.com/roboalchemist/desearch-cli/pkg/output/formatter.go:167.38,171.3 3 1
github.com/roboalchemist/desearch-cli/pkg/output/formatter.go:172.2,172.20 1 10
github.com/roboalchemist/desearch-cli/pkg/output/formatter.go:175.103,177.28 2 5
github.com/roboalchemist/desearch-cli/pkg/output/formatter.go:177.28,179.22 2 5
github.com/roboalchemist/desearch-cli/pkg/output/formatter.go:179.22,181.4 1 5
github.com/roboalchemist/desearch-cli/pkg/output/formatter.go:182.3,182.23 1 5
github.com/roboalchemist/desearch-cli/pkg/output/formatter.go:186.117,188.28 2 2
github.com/roboalchemist/desearch-cli/pkg/output/formatter.go:188.28,190.22 2 2
github.com/roboalchemist/desearch-cli/pkg/output/formatter.go:190.22,192.4 1 2
github.com/roboalchemist/desearch-cli/pkg/output/formatter.go:193.3,193.23 1 2
github.com/roboalchemist/desearch-cli/pkg/output/formatter.go:197.109,199.28 2 1
github.com/roboalchemist/desearch-cli/pkg/output/formatter.go:199.28,201.22 2 1
github.com/roboalchemist/desearch-cli/pkg/output/formatter.go:201.22,203.4 1 1
github.com/roboalchemist/desearch-cli/pkg/output/formatter.go:204.3,204.23 1 1
github.com/roboalchemist/desearch-cli/pkg/output/formatter.go:208.111,210.28 2 1
github.com/roboalchemist/desearch-cli/pkg/output/formatter.go:210.28,212.22 2 1
github.com/roboalchemist/desearch-cli/pkg/output/formatter.go:212.22,214.4 1 1
github.com/roboalchemist/desearch-cli/pkg/output/formatter.go:215.3,215.23 1 1
github.com/roboalchemist/desearch-cli/pkg/output/formatter.go:219.107,221.28 2 2
github.com/roboalchemist/desearch-cli/pkg/output/formatter.go:221.28,222.28 1 2
github.com/roboalchemist/desearch-cli/pkg/output/formatter.go:222.28,224.4 1 2
github.com/roboalchemist/desearch-cli/pkg/output/formatter.go:225.3,226.18 2 2
github.com/roboalchemist/desearch-cli/pkg/output/formatter.go:226.18,228.4 1 1
github.com/roboalchemist/desearch-cli/pkg/output/formatter.go:230.3,231.22 2 2
github.com/roboalchemist/desearch-cli/pkg/output/formatter.go:231.22,233.4 1 2
github.com/roboalchemist/desearch-cli/pkg/output/formatter.go:234.3,234.25 1 2
github.com/roboalchemist/desearch-cli/pkg/output/formatter.go:234.25,236.4 1 2
github.com/roboalchemist/desearch-cli/pkg/output/formatter.go:237.3,237.23 1 2
github.com/roboalchemist/desearch-cli/pkg/output/formatter.go:237.23,239.4 1 2
github.com/roboalchemist/desearch-cli/pkg/output/formatter.go:240.3,240.23 1 2
github.com/roboalchemist/desearch-cli/pkg/output/formatter.go:240.23,242.4 1 1
github.com/roboalchemist/desearch-cli/pkg/output/formatter.go:243.3,243.26 1 2
github.com/roboalchemist/desearch-cli/pkg/output/formatter.go:243.26,245.4 1 1
github.com/roboalchemist/desearch-cli/pkg/output/formatter.go:246.3,246.23 1 2
github.com/roboalchemist/desearch-cli/pkg/output/formatter.go:246.23,248.4 1 2
github.com/roboalchemist/desearch-cli/pkg/output/formatter.go:249.3,249.23 1 2
github.com/roboalchemist/desearch-cli/pkg/output/formatter.go:253.115,255.28 2 1
github.com/roboalchemist/desearch-cli/pkg/output/formatter.go:255.28,257.22 2 1
github.com/roboalchemist/desearch-cli/pkg/output/formatter.go:257.22,259.4 1 1
github.com/roboalchemist/desearch-cli/pkg/output/formatter.go:260.3,260.23 1 1
github.com/roboalchemist/desearch-cli/pkg/output/formatter.go:264.107,266.28 2 1
github.com/roboalchemist/desearch-cli/pkg/output/formatter.go:266.28,268.22 2 1
github.com/roboalchemist/desearch-cli/pkg/output/formatter.go:268.22,270.4 1 1
github.com/roboalchemist/desearch-cli/pkg/output/formatter.go:271.3,271.23 1 1
github.com/roboalchemist/desearch-cli/pkg/output/formatter.go:283.70,285.70 2 13
github.com/roboalchemist/desearch-cli/pkg/output/formatter.go:285.70,286.30 1 17
github.com/roboalchemist/desearch-cli/pkg/output/formatter.go:287.24,288.35 1 5
github.com/roboalchemist/desearch-cli/pkg/output/formatter.go:289.31,290.42 1 2
github.com/roboalchemist/desearch-cli/pkg/output/formatter.go:291.27,292.38 1 2
github.com/roboalchemist/desearch-cli/pkg/output/formatter.go:293.28,294.39 1 2
github.com/roboalchemist/desearch-cli/pkg/output/formatter.go:295.26,296.37 1 2
github.com/roboalchemist/desearch-cli/pkg/output/formatter.go:297.30,298.41 1 2
github.com/roboalchemist/desearch-cli/pkg/output/formatter.go:299.26,300.37 1 2
github.com/roboalchemist/desearch-cli/pkg/output/formatter.go:303.2,303.35 1 13
github.com/roboalchemist/desearch-cli/pkg/output/formatter.go:303.35,305.3 1 1
github.com/roboalchemist/desearch-cli/pkg/output/formatter.go:306.2,306.38 1 13
github.com/roboalchemist/desearch-cli/pkg/output/formatter.go:306.38,310.3 3 1
github.com/roboalchemist/desearch-cli/pkg/output/formatter.go:311.2,311.20 1 13
github.com/roboalchemist/desearch-cli/pkg/output/formatter.go:314.107,316.28 2 5
github.com/roboalchemist/desearch-cli/pkg/output/formatter.go:316.28,318.3 1 5
github.com/roboalchemist/desearch-cli/pkg/output/formatter.go:321.121,323.28 2 2
github.com/roboalchemist/desearch-cli/pkg/output/formatter.go:323.28,325.3 1 2
github.com/roboalchemist/desearch-cli/pkg/output/formatter.go:328.113,330.28 2 2
github.com/roboalchemist/desearch-cli/pkg/output/formatter.go:330.28,332.3 1 2
github.com/roboalchemist/desearch-cli/pkg/output/formatter.go:335.115,337.28 2 2
github.com/roboalchemist/desearch-cli/pkg/output/formatter.go:337.28,339.3 1 2
github.com/roboalchemist/desearch-cli/pkg/output/formatter.go:342.111,344.28 2 2
github.com/roboalchemist/desearch-cli/pkg/output/formatter.go:344.28,346.3 1 2
github.com/roboalchemist/desearch-cli/pkg/output/formatter.go:349.119,351.28 2 2
github.com/roboalchemist/desearch-cli/pkg/output/formatter.go:351.28,353.3 1 2
github.com/roboalchemist/desearch-cli/pkg/output/formatter.go:356.111,358.28 2 2
github.com/roboalchemist/desearch-cli/pkg/output/formatter.go:358.28,360.3 1 2
github.com/roboalchemist/desearch-cli/pkg/output/formatter.go:372.55,375.2 2 0
github.com/roboalchemist/desearch-cli/pkg/output/formatter.go:380.66,381.12 1 0
github.com/roboalchemist/desearch-cli/pkg/output/formatter.go:381.12,387.17 3 0
github.com/roboalchemist/desearch-cli/pkg/output/formatter.go:387.17,391.4 2 0
github.com/roboalchemist/desearch-cli/pkg/output/formatter.go:392.3,393.22 2 0
github.com/roboalchemist/desearch-cli/pkg/output/formatter.go:395.2,396.11 2 0
github.com/roboalchemist/desearch-cli/pkg/output/formatter.go:402.67,404.49 2 7
github.com/roboalchemist/desearch-cli/pkg/output/formatter.go:404.49,406.3 1 1
github.com/roboalchemist/desearch-cli/pkg/output/formatter.go:409.2,411.30 3 6
github.com/roboalchemist/desearch-cli/pkg/output/formatter.go:411.30,413.3 1 9
github.com/roboalchemist/desearch-cli/pkg/output/formatter.go:416.2,417.22 2 6
github.com/roboalchemist/desearch-cli/pkg/output/formatter.go:417.22,418.17 1 16
github.com/roboalchemist/desearch-cli/pkg/output/formatter.go:418.17,420.4 1 8
github.com/roboalchemist/desearch-cli/pkg/output/formatter.go:423.2,423.47 1 6
github.com/roboalchemist/desearch-cli/pkg/output/formatter.go:428.65,429.22 1 7
github.com/roboalchemist/desearch-cli/pkg/output/formatter.go:429.22,431.3 1 1
github.com/roboalchemist/desearch-cli/pkg/output/formatter.go:433.2,434.49 2 6
github.com/roboalchemist/desearch-cli/pkg/output/formatter.go:434.49,436.3 1 1
github.com/roboalchemist/desearch-cli/pkg/output/formatter.go:438.2,439.16 2 5
github.com/roboalchemist/desearch-cli/pkg/output/formatter.go:439.16,441.3 1 1
github.com/roboalchemist/desearch-cli/pkg/output/formatter.go:443.2,448.6 5 4
github.com/roboalchemist/desearch-cli/pkg/output/formatter.go:448.6,450.10 2 10
github.com/roboalchemist/desearch-cli/pkg/output/formatter.go:450.10,451.9 1 4
github.com/roboalchemist/desearch-cli/pkg/output/formatter.go:453.3,453.31 1 6
github.com/roboalchemist/desearch-cli/pkg/output/formatter.go:453.31,455.4 1 0
github.com/roboalchemist/desearch-cli/pkg/output/formatter.go:456.3,456.43 1 6
github.com/roboalchemist/desearch-cli/pkg/output/formatter.go:456.43,458.4 1 0
github.com/roboalchemist/desearch-cli/pkg/output/formatter.go:461.2,461.25 1 4
github.com/roboalchemist/desearch-cli/pkg/output/sse.go:12.43,14.23 2 14
github.com/roboalchemist/desearch-cli/pkg/output/sse.go:14.23,16.3 1 2
github.com/roboalchemist/desearch-cli/pkg/output/sse.go:18.2,18.33 1 12
github.com/roboalchemist/desearch-cli/pkg/output/sse.go:18.33,20.3 1 2
github.com/roboalchemist/desearch-cli/pkg/output/sse.go:21.2,22.58 2 10
github.com/roboalchemist/desearch-cli/pkg/output/sse.go:22.58,25.3 1 1
github.com/roboalchemist/desearch-cli/pkg/output/sse.go:27.2,28.25 2 9
github.com/roboalchemist/desearch-cli/pkg/output/sse.go:28.25,30.3 1 1
github.com/roboalchemist/desearch-cli/pkg/output/sse.go:31.2,32.16 2 8
github.com/roboalchemist/desearch-cli/pkg/output/sse.go:37.38,40.39 3 14
github.com/roboalchemist/desearch-cli/pkg/output/sse.go:40.39,42.3 1 11
github.com/roboalchemist/desearch-cli/pkg/output/sse.go:43.2,43.39 1 14
github.com/roboalchemist/desearch-cli/pkg/output/sse.go:43.39,45.3 1 4
github.com/roboalchemist/desearch-cli/pkg/output/sse.go:46.2,46.21 1 14
github.com/roboalchemist/desearch-cli/pkg/output/sse.go:50.27,52.2 1 39
github.com/roboalchemist/desearch-cli/pkg/auth/api_key.go:21.35,23.25 2 19
github.com/roboalchemist/desearch-cli/pkg/auth/api_key.go:23.25,25.17 2 2
github.com/roboalchemist/desearch-cli/pkg/auth/api_key.go:25.17,27.4 1 1
github.com/roboalchemist/desearch-cli/pkg/auth/api_key.go:28.3,28.49 1 1
github.com/roboalchemist/desearch-cli/pkg/auth/api_key.go:30.2,30.73 1 18
github.com/roboalchemist/desearch-cli/pkg/auth/api_key.go:35.36,37.16 2 8
github.com/roboalchemist/desearch-cli/pkg/auth/api_key.go:37.16,39.3 1 0
github.com/roboalchemist/desearch-cli/pkg/auth/api_key.go:41.2,42.16 2 8
github.com/roboalchemist/desearch-cli/pkg/auth/api_key.go:42.16,43.25 1 3
github.com/roboalchemist/desearch-cli/pkg/auth/api_key.go:43.25,45.4 1 2
github.com/roboalchemist/desearch-cli/pkg/auth/api_key.go:47.3,47.65 1 1
github.com/roboalchemist/desearch-cli/pkg/auth/api_key.go:50.2,51.51 2 5
github.com/roboalchemist/desearch-cli/pkg/auth/api_key.go:51.51,53.3 1 1
github.com/roboalchemist/desearch-cli/pkg/auth/api_key.go:55.2,55.18 1 4
github.com/roboalchemist/desearch-cli/pkg/auth/api_key.go:60.34,62.16 2 9
github.com/roboalchemist/desearch-cli/pkg/auth/api_key.go:62.16,64.3 1 1
github.com/roboalchemist/desearch-cli/pkg/auth/api_key.go:66.2,67.47 2 8
github.com/roboalchemist/desearch-cli/pkg/auth/api_key.go:67.47,69.3 1 1
github.com/roboalchemist/desearch-cli/pkg/auth/api_key.go:71.2,72.16 2 7
github.com/roboalchemist/desearch-cli/pkg/auth/api_key.go:72.16,74.3 1 0
github.com/roboalchemist/desearch-cli/pkg/auth/api_key.go:76.2,76.55 1 7
github.com/roboalchemist/desearch-cli/pkg/auth/api_key.go:76.55,78.3 1 1
github.com/roboalchemist/desearch-cli/pkg/auth/api_key.go:80.2,80.12 1 6
github.com/roboalchemist/desearch-cli/pkg/auth/api_key.go:86.25,87.53 1 4
github.com/roboalchemist/desearch-cli/pkg/auth/api_key.go:87.53,89.3 1 1
github.com/roboalchemist/desearch-cli/pkg/auth/api_key.go:90.2,91.16 2 3
github.com/roboalchemist/desearch-cli/pkg/auth/api_key.go:91.16,93.3 1 1
github.com/roboalchemist/desearch-cli/pkg/auth/api_key.go:94.2,94.19 1 2
github.com/roboalchemist/desearch-cli/main.go:11.13,12.38 1 0
github.com/roboalchemist/desearch-cli/main.go:12.38,13.27 1 0
github.com/roboalchemist/desearch-cli/main.go:13.27,15.4 1 0
github.com/roboalchemist/desearch-cli/main.go:16.3,16.26 1 0
github.com/roboalchemist/desearch-cli/main.go:16.26,18.4 1 0
github.com/roboalchemist/desearch-cli/main.go:19.3,19.23 1 0
github.com/roboalchemist/desearch-cli/main.go:19.23,21.4 1 0
github.com/roboalchemist/desearch-cli/main.go:21.9,23.4 1 0
github.com/roboalchemist/desearch-cli/main.go:24.3,24.13 1 0
github.com/roboalchemist/desearch-cli/cmd/gendocs/main.go:10.13,11.68 1 0
github.com/roboalchemist/desearch-cli/cmd/gendocs/main.go:11.68,13.3 1 0
github.com/roboalchemist/desearch-cli/cmd/completion.go:46.54,48.3 1 0
github.com/roboalchemist/desearch-cli/cmd/completion.go:55.54,57.3 1 0
github.com/roboalchemist/desearch-cli/cmd/completion.go:64.54,66.3 1 0
github.com/roboalchemist/desearch-cli/cmd/completion.go:73.54,75.3 1 0
github.com/roboalchemist/desearch-cli/cmd/completion.go:84.13,91.2 5 1
github.com/roboalchemist/desearch-cli/cmd/completion.go:93.61,102.12 6 0
github.com/roboalchemist/desearch-cli/cmd/completion.go:102.12,105.3 2 0
github.com/roboalchemist/desearch-cli/cmd/completion.go:109.2,109.18 1 0
github.com/roboalchemist/desearch-cli/cmd/completion.go:109.18,111.3 1 0
github.com/roboalchemist/desearch-cli/cmd/completion.go:112.2,126.35 6 0
github.com/roboalchemist/desearch-cli/cmd/completion.go:126.35,128.3 1 0
github.com/roboalchemist/desearch-cli/cmd/completion.go:130.2,131.16 2 0
github.com/roboalchemist/desearch-cli/cmd/completion.go:131.16,133.3 1 0
github.com/roboalchemist/desearch-cli/cmd/completion.go:134.2,142.40 4 0
github.com/roboalchemist/desearch-cli/cmd/completion.go:142.40,144.20 2 0
github.com/roboalchemist/desearch-cli/cmd/completion.go:144.20,146.4 1 0
github.com/roboalchemist/desearch-cli/cmd/completion.go:147.3,147.21 1 0
github.com/roboalchemist/desearch-cli/cmd/completion.go:147.21,149.4 1 0
github.com/roboalchemist/desearch-cli/cmd/completion.go:149.9,151.4 1 0
github.com/roboalchemist/desearch-cli/cmd/completion.go:158.2,158.6 1 0
github.com/roboalchemist/desearch-cli/cmd/completion.go:158.6,159.10 1 0
github.com/roboalchemist/desearch-cli/cmd/completion.go:160.21,162.20 1 0
github.com/roboalchemist/desearch-cli/cmd/completion.go:163.11,163.11 0 0
github.com/roboalchemist/desearch-cli/cmd/completion.go:166.3,167.20 2 0
github.com/roboalchemist/desearch-cli/cmd/completion.go:167.20,170.33 2 0
github.com/roboalchemist/desearch-cli/cmd/completion.go:170.33,172.5 1 0
github.com/roboalchemist/desearch-cli/cmd/completion.go:175.3,175.17 1 0
github.com/roboalchemist/desearch-cli/cmd/completion.go:175.17,176.30 1 0
github.com/roboalchemist/desearch-cli/cmd/completion.go:176.30,177.10 1 0
github.com/roboalchemist/desearch-cli/cmd/completion.go:180.4,180.24 1 0
github.com/roboalchemist/desearch-cli/cmd/completion.go:180.24,182.5 1 0
github.com/roboalchemist/desearch-cli/cmd/completion.go:184.4,184.9 1 0
github.com/roboalchemist/desearch-cli/cmd/completion.go:189.2,191.12 2 0
github.com/roboalchemist/desearch-cli/cmd/config.go:26.54,28.17 2 3
github.com/roboalchemist/desearch-cli/cmd/config.go:28.17,30.4 1 0
github.com/roboalchemist/desearch-cli/cmd/config.go:32.3,32.14 1 3
github.com/roboalchemist/desearch-cli/cmd/config.go:32.14,35.18 2 1
github.com/roboalchemist/desearch-cli/cmd/config.go:35.18,37.5 1 0
github.com/roboalchemist/desearch-cli/cmd/config.go:38.4,39.14 2 1
github.com/roboalchemist/desearch-cli/cmd/config.go:42.3,43.23 2 2
github.com/roboalchemist/desearch-cli/cmd/config.go:43.23,44.28 1 2
github.com/roboalchemist/desearch-cli/cmd/config.go:44.28,46.5 1 1
github.com/roboalchemist/desearch-cli/cmd/config.go:46.10,48.5 1 1
github.com/roboalchemist/desearch-cli/cmd/config.go:51.3,55.13 5 2
github.com/roboalchemist/desearch-cli/cmd/config.go:63.54,65.17 2 1
github.com/roboalchemist/desearch-cli/cmd/config.go:65.17,67.4 1 0
github.com/roboalchemist/desearch-cli/cmd/config.go:69.3,70.17 2 1
github.com/roboalchemist/desearch-cli/cmd/config.go:70.17,72.4 1 0
github.com/roboalchemist/desearch-cli/cmd/config.go:74.3,74.53 1 1
github.com/roboalchemist/desearch-cli/cmd/config.go:74.53,77.4 2 0
github.com/roboalchemist/desearch-cli/cmd/config.go:79.3,79.44 1 1
github.com/roboalchemist/desearch-cli/cmd/config.go:79.44,81.4 1 0
github.com/roboalchemist/desearch-cli/cmd/config.go:83.3,84.13 2 1
github.com/roboalchemist/desearch-cli/cmd/config.go:95.13,106.65 8 1
github.com/roboalchemist/desearch-cli/cmd/config.go:106.65,108.84 1 4
github.com/roboalchemist/desearch-cli/cmd/config.go:108.84,111.4 2 1
github.com/roboalchemist/desearch-cli/cmd/config.go:113.3,117.17 3 3
github.com/roboalchemist/desearch-cli/cmd/config.go:117.17,119.4 1 0
github.com/roboalchemist/desearch-cli/cmd/config.go:122.3,125.23 2 3
github.com/roboalchemist/desearch-cli/cmd/config.go:125.23,126.43 1 1
github.com/roboalchemist/desearch-cli/cmd/config.go:126.43,128.5 1 0
github.com/roboalchemist/desearch-cli/cmd/config.go:129.4,129.27 1 1
github.com/roboalchemist/desearch-cli/cmd/config.go:131.3,131.34 1 3
github.com/roboalchemist/desearch-cli/cmd/config.go:131.34,133.4 1 1
github.com/roboalchemist/desearch-cli/cmd/config.go:134.3,134.32 1 3
github.com/roboalchemist/desearch-cli/cmd/config.go:134.32,136.4 1 1
github.com/roboalchemist/desearch-cli/cmd/config.go:138.3,138.46 1 3
github.com/roboalchemist/desearch-cli/cmd/config.go:138.46,140.4 1 0
github.com/roboalchemist/desearch-cli/cmd/config.go:142.3,143.13 2 3
github.com/roboalchemist/desearch-cli/cmd/docs.go:19.54,22.3 2 0
github.com/roboalchemist/desearch-cli/cmd/docs.go:25.13,27.2 1 1
github.com/roboalchemist/desearch-cli/cmd/root.go:34.54,35.64 1 9
github.com/roboalchemist/desearch-cli/cmd/root.go:35.64,37.4 1 0
github.com/roboalchemist/desearch-cli/cmd/root.go:38.3,38.13 1 9
github.com/roboalchemist/desearch-cli/cmd/root.go:60.57,63.17 2 9
github.com/roboalchemist/desearch-cli/cmd/root.go:63.17,64.28 1 0
github.com/roboalchemist/desearch-cli/cmd/root.go:64.28,67.5 2 0
github.com/roboalchemist/desearch-cli/cmd/root.go:70.4,70.48 1 0
github.com/roboalchemist/desearch-cli/cmd/root.go:77.3,77.21 1 9
github.com/roboalchemist/desearch-cli/cmd/root.go:77.21,79.4 1 9
github.com/roboalchemist/desearch-cli/cmd/root.go:80.3,81.34 2 0
github.com/roboalchemist/desearch-cli/cmd/root.go:81.34,83.4 1 0
github.com/roboalchemist/desearch-cli/cmd/root.go:84.3,89.54 3 0
github.com/roboalchemist/desearch-cli/cmd/root.go:89.54,91.4 1 0
github.com/roboalchemist/desearch-cli/cmd/root.go:94.3,94.44 1 0
github.com/roboalchemist/desearch-cli/cmd/root.go:94.44,95.17 1 0
github.com/roboalchemist/desearch-cli/cmd/root.go:95.17,97.5 1 0
github.com/roboalchemist/desearch-cli/cmd/root.go:101.3,101.38 1 0
github.com/roboalchemist/desearch-cli/cmd/root.go:101.38,102.82 1 0
github.com/roboalchemist/desearch-cli/cmd/root.go:102.82,104.5 1 0
github.com/roboalchemist/desearch-cli/cmd/root.go:105.9,105.44 1 0
github.com/roboalchemist/desearch-cli/cmd/root.go:105.44,107.4 1 0
github.com/roboalchemist/desearch-cli/cmd/root.go:109.3,109.25 1 0
github.com/roboalchemist/desearch-cli/cmd/root.go:109.25,111.4 1 0
github.com/roboalchemist/desearch-cli/cmd/root.go:112.3,112.24 1 0
github.com/roboalchemist/desearch-cli/cmd/root.go:112.24,115.4 2 0
github.com/roboalchemist/desearch-cli/cmd/root.go:116.3,116.66 1 0
github.com/roboalchemist/desearch-cli/cmd/root.go:118.54,123.25 1 9
github.com/roboalchemist/desearch-cli/cmd/root.go:123.25,125.4 1 0
github.com/roboalchemist/desearch-cli/cmd/root.go:127.3,127.20 1 9
github.com/roboalchemist/desearch-cli/cmd/root.go:129.60,131.27 1 9
github.com/roboalchemist/desearch-cli/cmd/root.go:131.27,133.4 1 9
github.com/roboalchemist/desearch-cli/cmd/root.go:139.3,139.91 1 0
github.com/roboalchemist/desearch-cli/cmd/root.go:139.91,141.4 1 0
github.com/roboalchemist/desearch-cli/cmd/root.go:142.3,143.16 2 0
github.com/roboalchemist/desearch-cli/cmd/root.go:143.16,145.4 1 0
github.com/roboalchemist/desearch-cli/cmd/root.go:146.3,146.16 1 0
github.com/roboalchemist/desearch-cli/cmd/root.go:146.16,152.4 4 0
github.com/roboalchemist/desearch-cli/cmd/root.go:157.59,158.41 1 4
github.com/roboalchemist/desearch-cli/cmd/root.go:158.41,159.30 1 6
github.com/roboalchemist/desearch-cli/cmd/root.go:159.30,161.4 1 2
github.com/roboalchemist/desearch-cli/cmd/root.go:163.2,163.14 1 2
github.com/roboalchemist/desearch-cli/cmd/root.go:169.29,170.30 1 6
github.com/roboalchemist/desearch-cli/cmd/root.go:170.30,171.40 1 15
github.com/roboalchemist/desearch-cli/cmd/root.go:171.40,173.36 1 4
github.com/roboalchemist/desearch-cli/cmd/root.go:173.36,174.57 1 8
github.com/roboalchemist/desearch-cli/cmd/root.go:174.57,176.6 1 3
github.com/roboalchemist/desearch-cli/cmd/root.go:180.2,180.14 1 3
github.com/roboalchemist/desearch-cli/cmd/root.go:184.47,200.41 2 27
github.com/roboalchemist/desearch-cli/cmd/root.go:200.41,201.31 1 28
github.com/roboalchemist/desearch-cli/cmd/root.go:201.31,203.4 1 23
github.com/roboalchemist/desearch-cli/cmd/root.go:205.2,205.14 1 4
github.com/roboalchemist/desearch-cli/cmd/root.go:209.22,213.2 3 0
github.com/roboalchemist/desearch-cli/cmd/root.go:216.31,218.2 1 1
github.com/roboalchemist/desearch-cli/cmd/root.go:221.24,223.2 1 2
github.com/roboalchemist/desearch-cli/cmd/root.go:225.13,234.69 7 1
github.com/roboalchemist/desearch-cli/cmd/root.go:234.69,236.3 1 0
github.com/roboalchemist/desearch-cli/cmd/root.go:239.2,239.134 1 1
github.com/roboalchemist/desearch-cli/cmd/search.go:38.25,40.15 2 2
github.com/roboalchemist/desearch-cli/cmd/search.go:40.15,42.3 1 1
github.com/roboalchemist/desearch-cli/cmd/search.go:43.2,43.12 1 2
github.com/roboalchemist/desearch-cli/cmd/search.go:46.76,53.26 3 24
github.com/roboalchemist/desearch-cli/cmd/search.go:53.26,55.3 1 10
github.com/roboalchemist/desearch-cli/cmd/search.go:56.2,56.25 1 24
github.com/roboalchemist/desearch-cli/cmd/search.go:56.25,58.3 1 1
github.com/roboalchemist/desearch-cli/cmd/search.go:59.2,59.23 1 24
github.com/roboalchemist/desearch-cli/cmd/search.go:59.23,61.3 1 1
github.com/roboalchemist/desearch-cli/cmd/search.go:62.2,62.25 1 24
github.com/roboalchemist/desearch-cli/cmd/search.go:62.25,64.3 1 2
github.com/roboalchemist/desearch-cli/cmd/search.go:65.2,65.26 1 24
github.com/roboalchemist/desearch-cli/cmd/search.go:65.26,67.3 1 2
github.com/roboalchemist/desearch-cli/cmd/search.go:67.8,70.3 2 22
github.com/roboalchemist/desearch-cli/cmd/search.go:71.2,71.20 1 24
github.com/roboalchemist/desearch-cli/cmd/search.go:71.20,73.3 1 4
github.com/roboalchemist/desearch-cli/cmd/search.go:75.2,75.12 1 24
github.com/roboalchemist/desearch-cli/cmd/search.go:78.57,80.59 1 24
github.com/roboalchemist/desearch-cli/cmd/search.go:80.59,82.3 1 2
github.com/roboalchemist/desearch-cli/cmd/search.go:85.2,95.63 2 22
github.com/roboalchemist/desearch-cli/cmd/search.go:95.63,97.3 1 1
github.com/roboalchemist/desearch-cli/cmd/search.go:100.2,100.25 1 21
github.com/roboalchemist/desearch-cli/cmd/search.go:100.25,101.68 1 1
github.com/roboalchemist/desearch-cli/cmd/search.go:101.68,103.4 1 1
github.com/roboalchemist/desearch-cli/cmd/search.go:107.2,107.23 1 20
github.com/roboalchemist/desearch-cli/cmd/search.go:107.23,108.66 1 1
github.com/roboalchemist/desearch-cli/cmd/search.go:108.66,110.4 1 1
github.com/roboalchemist/desearch-cli/cmd/search.go:114.2,114.36 1 19
github.com/roboalchemist/desearch-cli/cmd/search.go:114.36,116.3 1 1
github.com/roboalchemist/desearch-cli/cmd/search.go:118.2,118.58 1 18
github.com/roboalchemist/desearch-cli/cmd/search.go:118.58,120.3 1 2
github.com/roboalchemist/desearch-cli/cmd/search.go:122.2,122.34 1 16
github.com/roboalchemist/desearch-cli/cmd/search.go:122.34,124.3 1 1
github.com/roboalchemist/desearch-cli/cmd/search.go:127.2,127.15 1 15
github.com/roboalchemist/desearch-cli/cmd/search.go:127.15,130.22 3 1
github.com/roboalchemist/desearch-cli/cmd/search.go:130.22,132.18 2 2
github.com/roboalchemist/desearch-cli/cmd/search.go:132.18,134.5 1 2
github.com/roboalchemist/desearch-cli/cmd/search.go:136.3,136.39 1 1
github.com/roboalchemist/desearch-cli/cmd/search.go:136.39,138.4 1 0
github.com/roboalchemist/desearch-cli/cmd/search.go:140.3,141.29 2 1
github.com/roboalchemist/desearch-cli/cmd/search.go:141.29,142.13 1 2
github.com/roboalchemist/desearch-cli/cmd/search.go:142.13,144.5 1 1
github.com/roboalchemist/desearch-cli/cmd/search.go:145.4,146.42 2 2
github.com/roboalchemist/desearch-cli/cmd/search.go:146.42,149.5 2 0
github.com/roboalchemist/desearch-cli/cmd/search.go:151.3,151.17 1 1
github.com/roboalchemist/desearch-cli/cmd/search.go:154.2,154.30 1 14
github.com/roboalchemist/desearch-cli/cmd/search.go:157.39,158.31 1 16
github.com/roboalchemist/desearch-cli/cmd/search.go:158.31,160.3 1 0
github.com/roboalchemist/desearch-cli/cmd/search.go:162.2,166.16 3 16
github.com/roboalchemist/desearch-cli/cmd/search.go:166.16,168.17 2 15
github.com/roboalchemist/desearch-cli/cmd/search.go:168.17,170.4 1 0
github.com/roboalchemist/desearch-cli/cmd/search.go:171.3,171.19 1 15
github.com/roboalchemist/desearch-cli/cmd/search.go:171.19,173.18 2 2
github.com/roboalchemist/desearch-cli/cmd/search.go:173.18,175.5 1 0
github.com/roboalchemist/desearch-cli/cmd/search.go:176.4,176.43 1 2
github.com/roboalchemist/desearch-cli/cmd/search.go:177.9,179.4 1 13
github.com/roboalchemist/desearch-cli/cmd/search.go:180.3,180.13 1 15
github.com/roboalchemist/desearch-cli/cmd/search.go:183.2,184.21 2 1
github.com/roboalchemist/desearch-cli/cmd/search.go:184.21,186.3 1 1
github.com/roboalchemist/desearch-cli/cmd/search.go:188.2,190.19 2 0
github.com/roboalchemist/desearch-cli/cmd/search.go:190.19,192.3 1 0
github.com/roboalchemist/desearch-cli/cmd/search.go:193.2,193.42 1 0
github.com/roboalchemist/desearch-cli/cmd/search.go:196.92,199.16 3 7
github.com/roboalchemist/desearch-cli/cmd/search.go:199.16,201.3 1 1
github.com/roboalchemist/desearch-cli/cmd/search.go:203.2,210.18 3 6
github.com/roboalchemist/desearch-cli/cmd/search.go:210.18,212.17 2 1
github.com/roboalchemist/desearch-cli/cmd/search.go:212.17,214.4 1 0
github.com/roboalchemist/desearch-cli/cmd/search.go:215.3,215.42 1 1
github.com/roboalchemist/desearch-cli/cmd/search.go:216.8,218.3 1 5
github.com/roboalchemist/desearch-cli/cmd/search.go:219.2,219.12 1 6
github.com/roboalchemist/desearch-cli/cmd/search.go:222.92,223.31 1 2
github.com/roboalchemist/desearch-cli/cmd/search.go:223.31,225.3 1 0
github.com/roboalchemist/desearch-cli/cmd/search.go:226.2,228.16 3 2
github.com/roboalchemist/desearch-cli/cmd/search.go:228.16,230.3 1 0
github.com/roboalchemist/desearch-cli/cmd/search.go:231.2,237.6 3 2
github.com/roboalchemist/desearch-cli/cmd/search.go:237.6,239.20 2 6
github.com/roboalchemist/desearch-cli/cmd/search.go:239.20,241.33 2 4
github.com/roboalchemist/desearch-cli/cmd/search.go:241.33,243.22 2 8
github.com/roboalchemist/desearch-cli/cmd/search.go:243.22,245.6 1 3
github.com/roboalchemist/desearch-cli/cmd/search.go:248.3,248.17 1 6
github.com/roboalchemist/desearch-cli/cmd/search.go:248.17,249.30 1 2
github.com/roboalchemist/desearch-cli/cmd/search.go:249.30,250.10 1 2
github.com/roboalchemist/desearch-cli/cmd/search.go:252.4,252.54 1 0
github.com/roboalchemist/desearch-cli/cmd/search.go:256.2,257.12 2 2
github.com/roboalchemist/desearch-cli/cmd/search.go:271.54,272.16 1 0
github.com/roboalchemist/desearch-cli/cmd/search.go:272.16,274.4 1 0
github.com/roboalchemist/desearch-cli/cmd/search.go:275.3,275.39 1 0
github.com/roboalchemist/desearch-cli/cmd/search.go:281.13,297.64 15 1
github.com/roboalchemist/desearch-cli/cmd/search.go:297.64,299.3 1 0
github.com/roboalchemist/desearch-cli/cmd/search.go:301.2,301.31 1 1
github.com/roboalchemist/desearch-cli/cmd/skill.go:16.54,19.3 2 0
github.com/roboalchemist/desearch-cli/cmd/skill.go:26.54,28.17 2 0
github.com/roboalchemist/desearch-cli/cmd/skill.go:28.17,30.4 1 0
github.com/roboalchemist/desearch-cli/cmd/skill.go:31.3,34.52 3 0
github.com/roboalchemist/desearch-cli/cmd/skill.go:34.52,36.4 1 0
github.com/roboalchemist/desearch-cli/cmd/skill.go:38.3,38.77 1 0
github.com/roboalchemist/desearch-cli/cmd/skill.go:38.77,40.4 1 0
github.com/roboalchemist/desearch-cli/cmd/skill.go:42.3,43.13 2 0
github.com/roboalchemist/desearch-cli/cmd/skill.go:52.13,55.2 2 1
github.com/roboalchemist/desearch-cli/cmd/tools.go:14.66,15.24 1 30
github.com/roboalchemist/desearch-cli/cmd/tools.go:15.24,17.3 1 4
github.com/roboalchemist/desearch-cli/cmd/tools.go:18.2,18.45 1 26
github.com/roboalchemist/desearch-cli/cmd/tools.go:18.45,20.3 1 1
github.com/roboalchemist/desearch-cli/cmd/tools.go:21.2,21.21 1 25
github.com/roboalchemist/desearch-cli/cmd/version.go:15.54,18.3 2 0
github.com/roboalchemist/desearch-cli/cmd/version.go:21.13,23.2 1 1
